

Started GET "/" for 127.0.0.1 at 2010-11-07 17:51:08 +1100
  Processing by WelcomeController#index as HTML
Redirected to http://localhost:3000/searches/new
Completed 302 Found in 1ms


Started GET "/searches/new" for 127.0.0.1 at 2010-11-07 17:51:08 +1100
  Processing by SearchesController#new as HTML
Completed   in 1ms

ActiveRecord::StatementInvalid (Could not find table 'searches'):
  app/controllers/searches_controller.rb:3:in `new'
  app/controllers/searches_controller.rb:3:in `new'

Rendered /Users/leoliang/.rvm/gems/ruby-1.9.2-p0@rails3/gems/actionpack-3.0.0/lib/action_dispatch/middleware/templates/rescues/_trace.erb (0.9ms)
Rendered /Users/leoliang/.rvm/gems/ruby-1.9.2-p0@rails3/gems/actionpack-3.0.0/lib/action_dispatch/middleware/templates/rescues/_request_and_response.erb (1.8ms)
Rendered /Users/leoliang/.rvm/gems/ruby-1.9.2-p0@rails3/gems/actionpack-3.0.0/lib/action_dispatch/middleware/templates/rescues/diagnostics.erb within rescues/layout (11.9ms)


Started GET "/searches/show" for 127.0.0.1 at 2010-11-07 17:55:18 +1100
  Processing by SearchesController#show as HTML
  Parameters: {"id"=>"show"}
Completed   in 0ms

ActiveRecord::StatementInvalid (Could not find table 'searches'):
  app/controllers/searches_controller.rb:14:in `new'
  app/controllers/searches_controller.rb:14:in `show'

Rendered /Users/leoliang/.rvm/gems/ruby-1.9.2-p0@rails3/gems/actionpack-3.0.0/lib/action_dispatch/middleware/templates/rescues/_trace.erb (0.9ms)
Rendered /Users/leoliang/.rvm/gems/ruby-1.9.2-p0@rails3/gems/actionpack-3.0.0/lib/action_dispatch/middleware/templates/rescues/_request_and_response.erb (3.3ms)
Rendered /Users/leoliang/.rvm/gems/ruby-1.9.2-p0@rails3/gems/actionpack-3.0.0/lib/action_dispatch/middleware/templates/rescues/diagnostics.erb within rescues/layout (6.7ms)


Started GET "/searches/show" for 127.0.0.1 at 2010-11-07 17:55:39 +1100
  Processing by SearchesController#show as HTML
  Parameters: {"id"=>"show"}
Rendered property_searches/_form.html.erb (2.8ms)
Rendered searches/_form.html.erb (4.4ms)
Rendered layouts/_navigator.html.erb (7.4ms)
Rendered layouts/_footer.html.erb (0.3ms)
Rendered welcome/index.html.erb within layouts/application (17.2ms)
Completed 200 OK in 75ms (Views: 20.4ms | ActiveRecord: 0.6ms)


Started GET "/stylesheets/application.css?1289106536" for 127.0.0.1 at 2010-11-07 17:55:39 +1100

ActionController::RoutingError (No route matches "/stylesheets/application.css"):
  

Rendered /Users/leoliang/.rvm/gems/ruby-1.9.2-p0@rails3/gems/actionpack-3.0.0/lib/action_dispatch/middleware/templates/rescues/routing_error.erb within rescues/layout (0.7ms)


Started GET "/stylesheets/style.css?1288933732" for 127.0.0.1 at 2010-11-07 17:55:39 +1100

ActionController::RoutingError (No route matches "/stylesheets/style.css"):
  

Rendered /Users/leoliang/.rvm/gems/ruby-1.9.2-p0@rails3/gems/actionpack-3.0.0/lib/action_dispatch/middleware/templates/rescues/routing_error.erb within rescues/layout (0.8ms)


Started GET "/stylesheets/jquery-ui-1.8.custom.css?1288933732" for 127.0.0.1 at 2010-11-07 17:55:39 +1100

ActionController::RoutingError (No route matches "/stylesheets/jquery-ui-1.8.custom.css"):
  

Rendered /Users/leoliang/.rvm/gems/ruby-1.9.2-p0@rails3/gems/actionpack-3.0.0/lib/action_dispatch/middleware/templates/rescues/routing_error.erb within rescues/layout (0.8ms)


Started GET "/javascripts/jquery-1.4.2.min.js?1288933732" for 127.0.0.1 at 2010-11-07 17:55:39 +1100

ActionController::RoutingError (No route matches "/javascripts/jquery-1.4.2.min.js"):
  

Rendered /Users/leoliang/.rvm/gems/ruby-1.9.2-p0@rails3/gems/actionpack-3.0.0/lib/action_dispatch/middleware/templates/rescues/routing_error.erb within rescues/layout (0.8ms)


Started GET "/javascripts/typewatch.js?1288933732" for 127.0.0.1 at 2010-11-07 17:55:39 +1100

ActionController::RoutingError (No route matches "/javascripts/typewatch.js"):
  

Rendered /Users/leoliang/.rvm/gems/ruby-1.9.2-p0@rails3/gems/actionpack-3.0.0/lib/action_dispatch/middleware/templates/rescues/routing_error.erb within rescues/layout (0.8ms)


Started GET "/javascripts/jquery.cycle.all.min.js?1288933732" for 127.0.0.1 at 2010-11-07 17:55:39 +1100

ActionController::RoutingError (No route matches "/javascripts/jquery.cycle.all.min.js"):
  

Rendered /Users/leoliang/.rvm/gems/ruby-1.9.2-p0@rails3/gems/actionpack-3.0.0/lib/action_dispatch/middleware/templates/rescues/routing_error.erb within rescues/layout (0.8ms)


Started GET "/javascripts/iphone-style-checkboxes.js?1288933732" for 127.0.0.1 at 2010-11-07 17:55:39 +1100

ActionController::RoutingError (No route matches "/javascripts/iphone-style-checkboxes.js"):
  

Rendered /Users/leoliang/.rvm/gems/ruby-1.9.2-p0@rails3/gems/actionpack-3.0.0/lib/action_dispatch/middleware/templates/rescues/routing_error.erb within rescues/layout (0.8ms)


Started GET "/javascripts/datepicker.js?1288933732" for 127.0.0.1 at 2010-11-07 17:55:39 +1100

ActionController::RoutingError (No route matches "/javascripts/datepicker.js"):
  

Rendered /Users/leoliang/.rvm/gems/ruby-1.9.2-p0@rails3/gems/actionpack-3.0.0/lib/action_dispatch/middleware/templates/rescues/routing_error.erb within rescues/layout (0.9ms)


Started GET "/javascripts/google-map.js?1288933732" for 127.0.0.1 at 2010-11-07 17:55:39 +1100

ActionController::RoutingError (No route matches "/javascripts/google-map.js"):
  

Rendered /Users/leoliang/.rvm/gems/ruby-1.9.2-p0@rails3/gems/actionpack-3.0.0/lib/action_dispatch/middleware/templates/rescues/routing_error.erb within rescues/layout (0.8ms)


Started GET "/javascripts/jquery.watermark-2.0.min.js?1288933732" for 127.0.0.1 at 2010-11-07 17:55:39 +1100

ActionController::RoutingError (No route matches "/javascripts/jquery.watermark-2.0.min.js"):
  

Rendered /Users/leoliang/.rvm/gems/ruby-1.9.2-p0@rails3/gems/actionpack-3.0.0/lib/action_dispatch/middleware/templates/rescues/routing_error.erb within rescues/layout (0.8ms)


Started GET "/javascripts/rails.js?1288933732" for 127.0.0.1 at 2010-11-07 17:55:39 +1100

ActionController::RoutingError (No route matches "/javascripts/rails.js"):
  

Rendered /Users/leoliang/.rvm/gems/ruby-1.9.2-p0@rails3/gems/actionpack-3.0.0/lib/action_dispatch/middleware/templates/rescues/routing_error.erb within rescues/layout (0.8ms)


Started GET "/javascripts/application.js?1288933732" for 127.0.0.1 at 2010-11-07 17:55:39 +1100

ActionController::RoutingError (No route matches "/javascripts/application.js"):
  

Rendered /Users/leoliang/.rvm/gems/ruby-1.9.2-p0@rails3/gems/actionpack-3.0.0/lib/action_dispatch/middleware/templates/rescues/routing_error.erb within rescues/layout (0.7ms)


Started POST "/searches" for 127.0.0.1 at 2010-11-07 17:56:39 +1100
  Processing by SearchesController#create as HTML
  Parameters: {"utf8"=>"✓", "authenticity_token"=>"sVQqHB5fMkXJRRQA87m8KT3B/yF4zQ+i1LEpm0lj6a8=", "search"=>{"keyword"=>"2134", "property_search_attributes"=>{"min_price"=>"", "max_price"=>"", "min_of_bedrooms"=>"", "max_of_bedrooms"=>"", "min_of_bathrooms"=>"", "max_of_bathrooms"=>"", "min_of_carparks"=>"", "max_of_carparks"=>"", "property_type"=>""}}, "commit"=>"Search"}
Redirected to http://localhost:3000/searches/show
Completed 302 Found in 1ms


Started GET "/searches/show" for 127.0.0.1 at 2010-11-07 17:56:39 +1100
  Processing by SearchesController#show as HTML
  Parameters: {"id"=>"show"}
Rendered property_searches/_form.html.erb (1.1ms)
Rendered searches/_form.html.erb (1.5ms)
Rendered layouts/_navigator.html.erb (6.0ms)
Rendered layouts/_footer.html.erb (0.0ms)
Rendered welcome/index.html.erb within layouts/application (9.8ms)
Completed 200 OK in 32ms (Views: 10.1ms | ActiveRecord: 0.4ms)


Started GET "/stylesheets/application.css?1289106536" for 127.0.0.1 at 2010-11-07 17:56:39 +1100

ActionController::RoutingError (No route matches "/stylesheets/application.css"):
  

Rendered /Users/leoliang/.rvm/gems/ruby-1.9.2-p0@rails3/gems/actionpack-3.0.0/lib/action_dispatch/middleware/templates/rescues/routing_error.erb within rescues/layout (0.8ms)


Started GET "/stylesheets/style.css?1288933732" for 127.0.0.1 at 2010-11-07 17:56:39 +1100

ActionController::RoutingError (No route matches "/stylesheets/style.css"):
  

Rendered /Users/leoliang/.rvm/gems/ruby-1.9.2-p0@rails3/gems/actionpack-3.0.0/lib/action_dispatch/middleware/templates/rescues/routing_error.erb within rescues/layout (0.8ms)


Started GET "/stylesheets/jquery-ui-1.8.custom.css?1288933732" for 127.0.0.1 at 2010-11-07 17:56:39 +1100

ActionController::RoutingError (No route matches "/stylesheets/jquery-ui-1.8.custom.css"):
  

Rendered /Users/leoliang/.rvm/gems/ruby-1.9.2-p0@rails3/gems/actionpack-3.0.0/lib/action_dispatch/middleware/templates/rescues/routing_error.erb within rescues/layout (0.8ms)


Started GET "/javascripts/jquery-1.4.2.min.js?1288933732" for 127.0.0.1 at 2010-11-07 17:56:39 +1100

ActionController::RoutingError (No route matches "/javascripts/jquery-1.4.2.min.js"):
  

Rendered /Users/leoliang/.rvm/gems/ruby-1.9.2-p0@rails3/gems/actionpack-3.0.0/lib/action_dispatch/middleware/templates/rescues/routing_error.erb within rescues/layout (0.7ms)


Started GET "/javascripts/jquery-ui-1.8.custom.min.js?1288933732" for 127.0.0.1 at 2010-11-07 17:56:39 +1100

ActionController::RoutingError (No route matches "/javascripts/jquery-ui-1.8.custom.min.js"):
  

Rendered /Users/leoliang/.rvm/gems/ruby-1.9.2-p0@rails3/gems/actionpack-3.0.0/lib/action_dispatch/middleware/templates/rescues/routing_error.erb within rescues/layout (0.7ms)


Started GET "/javascripts/typewatch.js?1288933732" for 127.0.0.1 at 2010-11-07 17:56:39 +1100

ActionController::RoutingError (No route matches "/javascripts/typewatch.js"):
  

Rendered /Users/leoliang/.rvm/gems/ruby-1.9.2-p0@rails3/gems/actionpack-3.0.0/lib/action_dispatch/middleware/templates/rescues/routing_error.erb within rescues/layout (0.8ms)


Started GET "/javascripts/jquery.cycle.all.min.js?1288933732" for 127.0.0.1 at 2010-11-07 17:56:39 +1100

ActionController::RoutingError (No route matches "/javascripts/jquery.cycle.all.min.js"):
  

Rendered /Users/leoliang/.rvm/gems/ruby-1.9.2-p0@rails3/gems/actionpack-3.0.0/lib/action_dispatch/middleware/templates/rescues/routing_error.erb within rescues/layout (0.8ms)


Started GET "/javascripts/iphone-style-checkboxes.js?1288933732" for 127.0.0.1 at 2010-11-07 17:56:39 +1100

ActionController::RoutingError (No route matches "/javascripts/iphone-style-checkboxes.js"):
  

Rendered /Users/leoliang/.rvm/gems/ruby-1.9.2-p0@rails3/gems/actionpack-3.0.0/lib/action_dispatch/middleware/templates/rescues/routing_error.erb within rescues/layout (0.7ms)


Started GET "/javascripts/google-map.js?1288933732" for 127.0.0.1 at 2010-11-07 17:56:39 +1100

ActionController::RoutingError (No route matches "/javascripts/google-map.js"):
  

Rendered /Users/leoliang/.rvm/gems/ruby-1.9.2-p0@rails3/gems/actionpack-3.0.0/lib/action_dispatch/middleware/templates/rescues/routing_error.erb within rescues/layout (0.9ms)


Started GET "/javascripts/datepicker.js?1288933732" for 127.0.0.1 at 2010-11-07 17:56:39 +1100

ActionController::RoutingError (No route matches "/javascripts/datepicker.js"):
  

Rendered /Users/leoliang/.rvm/gems/ruby-1.9.2-p0@rails3/gems/actionpack-3.0.0/lib/action_dispatch/middleware/templates/rescues/routing_error.erb within rescues/layout (0.7ms)


Started GET "/javascripts/rails.js?1288933732" for 127.0.0.1 at 2010-11-07 17:56:39 +1100

ActionController::RoutingError (No route matches "/javascripts/rails.js"):
  

Rendered /Users/leoliang/.rvm/gems/ruby-1.9.2-p0@rails3/gems/actionpack-3.0.0/lib/action_dispatch/middleware/templates/rescues/routing_error.erb within rescues/layout (0.7ms)


Started GET "/javascripts/jquery.watermark-2.0.min.js?1288933732" for 127.0.0.1 at 2010-11-07 17:56:39 +1100

ActionController::RoutingError (No route matches "/javascripts/jquery.watermark-2.0.min.js"):
  

Rendered /Users/leoliang/.rvm/gems/ruby-1.9.2-p0@rails3/gems/actionpack-3.0.0/lib/action_dispatch/middleware/templates/rescues/routing_error.erb within rescues/layout (0.8ms)


Started GET "/javascripts/application.js?1288933732" for 127.0.0.1 at 2010-11-07 17:56:39 +1100

ActionController::RoutingError (No route matches "/javascripts/application.js"):
  

Rendered /Users/leoliang/.rvm/gems/ruby-1.9.2-p0@rails3/gems/actionpack-3.0.0/lib/action_dispatch/middleware/templates/rescues/routing_error.erb within rescues/layout (0.8ms)


Started GET "/users/new" for 127.0.0.1 at 2010-11-07 17:56:44 +1100
  Processing by UsersController#new as HTML
Rendered users/_term.html.erb (0.3ms)
Rendered users/_form.html.erb (23.2ms)
Rendered layouts/_navigator.html.erb (0.6ms)
Rendered layouts/_footer.html.erb (0.0ms)
Rendered users/new.html.erb within layouts/application (36.2ms)
Completed 200 OK in 88ms (Views: 82.2ms | ActiveRecord: 0.1ms)


Started GET "/stylesheets/application.css?1289106536" for 127.0.0.1 at 2010-11-07 17:56:44 +1100

ActionController::RoutingError (No route matches "/stylesheets/application.css"):
  

Rendered /Users/leoliang/.rvm/gems/ruby-1.9.2-p0@rails3/gems/actionpack-3.0.0/lib/action_dispatch/middleware/templates/rescues/routing_error.erb within rescues/layout (0.7ms)


Started GET "/stylesheets/style.css?1288933732" for 127.0.0.1 at 2010-11-07 17:56:44 +1100

ActionController::RoutingError (No route matches "/stylesheets/style.css"):
  

Rendered /Users/leoliang/.rvm/gems/ruby-1.9.2-p0@rails3/gems/actionpack-3.0.0/lib/action_dispatch/middleware/templates/rescues/routing_error.erb within rescues/layout (0.8ms)


Started GET "/stylesheets/jquery-ui-1.8.custom.css?1288933732" for 127.0.0.1 at 2010-11-07 17:56:44 +1100

ActionController::RoutingError (No route matches "/stylesheets/jquery-ui-1.8.custom.css"):
  

Rendered /Users/leoliang/.rvm/gems/ruby-1.9.2-p0@rails3/gems/actionpack-3.0.0/lib/action_dispatch/middleware/templates/rescues/routing_error.erb within rescues/layout (2.2ms)


Started GET "/javascripts/jquery-ui-1.8.custom.min.js?1288933732" for 127.0.0.1 at 2010-11-07 17:56:44 +1100

ActionController::RoutingError (No route matches "/javascripts/jquery-ui-1.8.custom.min.js"):
  

Rendered /Users/leoliang/.rvm/gems/ruby-1.9.2-p0@rails3/gems/actionpack-3.0.0/lib/action_dispatch/middleware/templates/rescues/routing_error.erb within rescues/layout (0.7ms)


Started GET "/javascripts/jquery-1.4.2.min.js?1288933732" for 127.0.0.1 at 2010-11-07 17:56:44 +1100

ActionController::RoutingError (No route matches "/javascripts/jquery-1.4.2.min.js"):
  

Rendered /Users/leoliang/.rvm/gems/ruby-1.9.2-p0@rails3/gems/actionpack-3.0.0/lib/action_dispatch/middleware/templates/rescues/routing_error.erb within rescues/layout (0.8ms)


Started GET "/javascripts/typewatch.js?1288933732" for 127.0.0.1 at 2010-11-07 17:56:44 +1100

ActionController::RoutingError (No route matches "/javascripts/typewatch.js"):
  

Rendered /Users/leoliang/.rvm/gems/ruby-1.9.2-p0@rails3/gems/actionpack-3.0.0/lib/action_dispatch/middleware/templates/rescues/routing_error.erb within rescues/layout (0.7ms)


Started GET "/javascripts/jquery.cycle.all.min.js?1288933732" for 127.0.0.1 at 2010-11-07 17:56:44 +1100

ActionController::RoutingError (No route matches "/javascripts/jquery.cycle.all.min.js"):
  

Rendered /Users/leoliang/.rvm/gems/ruby-1.9.2-p0@rails3/gems/actionpack-3.0.0/lib/action_dispatch/middleware/templates/rescues/routing_error.erb within rescues/layout (0.8ms)


Started GET "/javascripts/iphone-style-checkboxes.js?1288933732" for 127.0.0.1 at 2010-11-07 17:56:44 +1100

ActionController::RoutingError (No route matches "/javascripts/iphone-style-checkboxes.js"):
  

Rendered /Users/leoliang/.rvm/gems/ruby-1.9.2-p0@rails3/gems/actionpack-3.0.0/lib/action_dispatch/middleware/templates/rescues/routing_error.erb within rescues/layout (0.7ms)


Started GET "/javascripts/datepicker.js?1288933732" for 127.0.0.1 at 2010-11-07 17:56:44 +1100

ActionController::RoutingError (No route matches "/javascripts/datepicker.js"):
  

Rendered /Users/leoliang/.rvm/gems/ruby-1.9.2-p0@rails3/gems/actionpack-3.0.0/lib/action_dispatch/middleware/templates/rescues/routing_error.erb within rescues/layout (0.7ms)


Started GET "/javascripts/google-map.js?1288933732" for 127.0.0.1 at 2010-11-07 17:56:44 +1100

ActionController::RoutingError (No route matches "/javascripts/google-map.js"):
  

Rendered /Users/leoliang/.rvm/gems/ruby-1.9.2-p0@rails3/gems/actionpack-3.0.0/lib/action_dispatch/middleware/templates/rescues/routing_error.erb within rescues/layout (0.8ms)


Started GET "/javascripts/jquery.watermark-2.0.min.js?1288933732" for 127.0.0.1 at 2010-11-07 17:56:44 +1100

ActionController::RoutingError (No route matches "/javascripts/jquery.watermark-2.0.min.js"):
  

Rendered /Users/leoliang/.rvm/gems/ruby-1.9.2-p0@rails3/gems/actionpack-3.0.0/lib/action_dispatch/middleware/templates/rescues/routing_error.erb within rescues/layout (0.7ms)


Started GET "/javascripts/rails.js?1288933732" for 127.0.0.1 at 2010-11-07 17:56:44 +1100

ActionController::RoutingError (No route matches "/javascripts/rails.js"):
  

Rendered /Users/leoliang/.rvm/gems/ruby-1.9.2-p0@rails3/gems/actionpack-3.0.0/lib/action_dispatch/middleware/templates/rescues/routing_error.erb within rescues/layout (0.7ms)


Started GET "/javascripts/application.js?1288933732" for 127.0.0.1 at 2010-11-07 17:56:44 +1100

ActionController::RoutingError (No route matches "/javascripts/application.js"):
  

Rendered /Users/leoliang/.rvm/gems/ruby-1.9.2-p0@rails3/gems/actionpack-3.0.0/lib/action_dispatch/middleware/templates/rescues/routing_error.erb within rescues/layout (0.8ms)
